ERROR:root:An error occurred while fetching data from the API: 429 Client Error: Too Many Requests for url: https://developer.nps.gov/api/v1/activities/parks?limit=100/cakr&api_key=zyK5oR9gHh0c5ApgkPsAUoAX7KsfneUujZESuLxi
ERROR:root:An error occurred while fetching data from the API: 429 Client Error: Too Many Requests for url: https://developer.nps.gov/api/v1/activities/parks?limit=100/calo&api_key=zyK5oR9gHh0c5ApgkPsAUoAX7KsfneUujZESuLxi
ERROR:root:An error occurred while fetching data from the API: 429 Client Error: Too Many Requests for url: https://developer.nps.gov/api/v1/activities/parks?limit=100/cahi&api_key=zyK5oR9gHh0c5ApgkPsAUoAX7KsfneUujZESuLxi
ERROR:root:An error occurred while fetching data from the API: 429 Client Error: Too Many Requests for url: https://developer.nps.gov/api/v1/activities/parks?limit=100/care&api_key=zyK5oR9gHh0c5ApgkPsAUoAX7KsfneUujZESuLxi
ERROR:root:An error occurred while fetching data from the API: 429 Client Error: Too Many Requests for url: https://developer.nps.gov/api/v1/activities/parks?limit=100/cajo&api_key=zyK5oR9gHh0c5ApgkPsAUoAX7KsfneUujZESuLxi
ERROR:root:An error occurred while fetching data from the API: 429 Client Error: Too Many Requests for url: https://developer.nps.gov/api/v1/activities/parks?limit=100/cavo&api_key=zyK5oR9gHh0c5ApgkPsAUoAX7KsfneUujZESuLxi
ERROR:root:An error occurred while fetching data from the API: 429 Client Error: Too Many Requests for url: https://developer.nps.gov/api/v1/activities/parks?limit=100/carl&api_key=zyK5oR9gHh0c5ApgkPsAUoAX7KsfneUujZESuLxi
ERROR:root:An error occurred while fetching data from the API: 429 Client Error: Too Many Requests for url: https://developer.nps.gov/api/v1/activities/parks?limit=100/cave&api_key=zyK5oR9gHh0c5ApgkPsAUoAX7KsfneUujZESuLxi
ERROR:root:An error occurred while fetching data from the API: 429 Client Error: Too Many Requests for url: https://developer.nps.gov/api/v1/activities/parks?limit=100/cawo&api_key=zyK5oR9gHh0c5ApgkPsAUoAX7KsfneUujZESuLxi
ERROR:root:An error occurred while fetching data from the API: 429 Client Error: Too Many Requests for url: https://developer.nps.gov/api/v1/activities/parks?limit=100/cagr&api_key=zyK5oR9gHh0c5ApgkPsAUoAX7KsfneUujZESuLxi
ERROR:root:An error occurred while fetching data from the API: 429 Client Error: Too Many Requests for url: https://developer.nps.gov/api/v1/activities/parks?limit=100/casa&api_key=zyK5oR9gHh0c5ApgkPsAUoAX7KsfneUujZESuLxi
ERROR:root:An error occurred while fetching data from the API: 429 Client Error: Too Many Requests for url: https://developer.nps.gov/api/v1/activities/parks?limit=100/cacl&api_key=zyK5oR9gHh0c5ApgkPsAUoAX7KsfneUujZESuLxi
ERROR:root:An error occurred while fetching data from the API: 429 Client Error: Too Many Requests for url: https://developer.nps.gov/api/v1/activities/parks?limit=100/camo&api_key=zyK5oR9gHh0c5ApgkPsAUoAX7KsfneUujZESuLxi
ERROR:root:An error occurred while fetching data from the API: 429 Client Error: Too Many Requests for url: https://developer.nps.gov/api/v1/activities/parks?limit=100/cato&api_key=zyK5oR9gHh0c5ApgkPsAUoAX7KsfneUujZESuLxi
ERROR:root:An error occurred while fetching data from the API: 429 Client Error: Too Many Requests for url: https://developer.nps.gov/api/v1/activities/parks?limit=100/cebr&api_key=zyK5oR9gHh0c5ApgkPsAUoAX7KsfneUujZESuLxi
ERROR:root:An error occurred while fetching data from the API: 429 Client Error: Too Many Requests for url: https://developer.nps.gov/api/v1/activities/parks?limit=100/cebe&api_key=zyK5oR9gHh0c5ApgkPsAUoAX7KsfneUujZESuLxi
ERROR:root:An error occurred while fetching data from the API: 429 Client Error: Too Many Requests for url: https://developer.nps.gov/api/v1/activities/parks?limit=100/chcu&api_key=zyK5oR9gHh0c5ApgkPsAUoAX7KsfneUujZESuLxi
ERROR:root:An error occurred while fetching data from the API: 429 Client Error: Too Many Requests for url: https://developer.nps.gov/api/v1/activities/parks?limit=100/cham&api_key=zyK5oR9gHh0c5ApgkPsAUoAX7KsfneUujZESuLxi
ERROR:root:An error occurred while fetching data from the API: 429 Client Error: Too Many Requests for url: https://developer.nps.gov/api/v1/activities/parks?limit=100/chis&api_key=zyK5oR9gHh0c5ApgkPsAUoAX7KsfneUujZESuLxi
ERROR:root:An error occurred while fetching data from the API: 429 Client Error: Too Many Requests for url: https://developer.nps.gov/api/v1/activities/parks?limit=100/chpi&api_key=zyK5oR9gHh0c5ApgkPsAUoAX7KsfneUujZESuLxi
ERROR:root:An error occurred while fetching data from the API: 429 Client Error: Too Many Requests for url: https://developer.nps.gov/api/v1/activities/parks?limit=100/chyo&api_key=zyK5oR9gHh0c5ApgkPsAUoAX7KsfneUujZESuLxi
ERROR:root:An error occurred while fetching data from the API: 429 Client Error: Too Many Requests for url: https://developer.nps.gov/api/v1/activities/parks?limit=100/chat&api_key=zyK5oR9gHh0c5ApgkPsAUoAX7KsfneUujZESuLxi
ERROR:root:An error occurred while fetching data from the API: 429 Client Error: Too Many Requests for url: https://developer.nps.gov/api/v1/activities/parks?limit=100/choh&api_key=zyK5oR9gHh0c5ApgkPsAUoAX7KsfneUujZESuLxi
ERROR:root:An error occurred while fetching data from the API: 429 Client Error: Too Many Requests for url: https://developer.nps.gov/api/v1/activities/parks?limit=100/cbpo&api_key=zyK5oR9gHh0c5ApgkPsAUoAX7KsfneUujZESuLxi
ERROR:root:An error occurred while fetching data from the API: 429 Client Error: Too Many Requests for url: https://developer.nps.gov/api/v1/activities/parks?limit=100/chch&api_key=zyK5oR9gHh0c5ApgkPsAUoAX7KsfneUujZESuLxi
ERROR:root:An error occurred while fetching data from the API: 429 Client Error: Too Many Requests for url: https://developer.nps.gov/api/v1/activities/parks?limit=100/chic&api_key=zyK5oR9gHh0c5ApgkPsAUoAX7KsfneUujZESuLxi
ERROR:root:An error occurred while fetching data from the API: 429 Client Error: Too Many Requests for url: https://developer.nps.gov/api/v1/activities/parks?limit=100/chir&api_key=zyK5oR9gHh0c5ApgkPsAUoAX7KsfneUujZESuLxi
ERROR:root:An error occurred while fetching data from the API: 429 Client Error: Too Many Requests for url: https://developer.nps.gov/api/v1/activities/parks?limit=100/chri&api_key=zyK5oR9gHh0c5ApgkPsAUoAX7KsfneUujZESuLxi
ERROR:root:An error occurred while fetching data from the API: 429 Client Error: Too Many Requests for url: https://developer.nps.gov/api/v1/activities/parks?limit=100/ciro&api_key=zyK5oR9gHh0c5ApgkPsAUoAX7KsfneUujZESuLxi
ERROR:root:An error occurred while fetching data from the API: 429 Client Error: Too Many Requests for url: https://developer.nps.gov/api/v1/activities/parks?limit=100/cwdw&api_key=zyK5oR9gHh0c5ApgkPsAUoAX7KsfneUujZESuLxi
ERROR:root:An error occurred while fetching data from the API: 429 Client Error: Too Many Requests for url: https://developer.nps.gov/api/v1/activities/parks?limit=100/clba&api_key=zyK5oR9gHh0c5ApgkPsAUoAX7KsfneUujZESuLxi
ERROR:root:An error occurred while fetching data from the API: 429 Client Error: Too Many Requests for url: https://developer.nps.gov/api/v1/activities/parks?limit=100/colo&api_key=zyK5oR9gHh0c5ApgkPsAUoAX7KsfneUujZESuLxi
ERROR:root:An error occurred while fetching data from the API: 429 Client Error: Too Many Requests for url: https://developer.nps.gov/api/v1/parks?limit=100&api_key=zyK5oR9gHh0c5ApgkPsAUoAX7KsfneUujZESuLxi
ERROR:root:An error occurred while fetching data from the API: 429 Client Error: Too Many Requests for url: https://developer.nps.gov/api/v1/parks?limit=100&api_key=zyK5oR9gHh0c5ApgkPsAUoAX7KsfneUujZESuLxi
ERROR:root:An error occurred while fetching data from the API: 429 Client Error: Too Many Requests for url: https://developer.nps.gov/api/v1/parks?limit=100&api_key=zyK5oR9gHh0c5ApgkPsAUoAX7KsfneUujZESuLxi
ERROR:root:An error occurred while fetching data from the API: 429 Client Error: Too Many Requests for url: https://developer.nps.gov/api/v1/parks?limit=100&api_key=zyK5oR9gHh0c5ApgkPsAUoAX7KsfneUujZESuLxi
ERROR:root:An error occurred while fetching data from the API: 429 Client Error: Too Many Requests for url: https://developer.nps.gov/api/v1/parks?limit=100&api_key=zyK5oR9gHh0c5ApgkPsAUoAX7KsfneUujZESuLxi
ERROR:root:An error occurred while fetching data from the API: 429 Client Error: Too Many Requests for url: https://developer.nps.gov/api/v1/parks?limit=100&api_key=zyK5oR9gHh0c5ApgkPsAUoAX7KsfneUujZESuLxi
ERROR:root:An error occurred while fetching data from the API: 429 Client Error: Too Many Requests for url: https://developer.nps.gov/api/v1/parks?limit=100&api_key=zyK5oR9gHh0c5ApgkPsAUoAX7KsfneUujZESuLxi
